TN:
SF:src\app.ts
FN:18,(anonymous_1)
FNF:1
FNH:0
FNDA:0,(anonymous_1)
DA:1,1
DA:2,1
DA:3,1
DA:4,1
DA:6,1
DA:8,1
DA:9,1
DA:11,1
DA:12,1
DA:14,1
DA:17,1
DA:18,0
DA:19,0
DA:23,1
LF:14
LH:12
BRDA:9,0,0,1
BRDA:9,0,1,0
BRDA:17,1,0,0
BRF:3
BRH:1
end_of_record
TN:
SF:src\controllers\chartController.ts
FN:4,(anonymous_0)
FNF:1
FNH:1
FNDA:2,(anonymous_0)
DA:2,1
DA:4,1
DA:5,2
DA:6,2
DA:8,2
DA:9,1
DA:14,1
DA:15,1
DA:17,0
DA:18,0
LF:10
LH:8
BRDA:8,0,0,1
BRDA:8,1,0,2
BRDA:8,1,1,1
BRDA:8,1,2,1
BRF:4
BRH:4
end_of_record
TN:
SF:src\routes\chartRoutes.ts
FNF:0
FNH:0
DA:1,1
DA:2,1
DA:4,1
DA:6,1
DA:8,1
LF:5
LH:5
BRF:0
BRH:0
end_of_record
TN:
SF:src\services\chartService.ts
FN:5,(anonymous_0)
FN:51,(anonymous_1)
FN:57,(anonymous_2)
FN:59,(anonymous_3)
FN:63,(anonymous_4)
FN:70,(anonymous_5)
FN:72,(anonymous_6)
FN:76,(anonymous_7)
FNF:8
FNH:2
FNDA:1,(anonymous_0)
FNDA:2,(anonymous_1)
FNDA:0,(anonymous_2)
FNDA:0,(anonymous_3)
FNDA:0,(anonymous_4)
FNDA:0,(anonymous_5)
FNDA:0,(anonymous_6)
FNDA:0,(anonymous_7)
DA:1,1
DA:3,1
DA:5,1
DA:7,1
DA:8,0
DA:11,1
DA:12,1
DA:15,1
DA:16,0
DA:20,1
DA:35,1
DA:37,1
DA:40,0
DA:43,0
DA:46,0
DA:51,1
DA:52,2
DA:53,2
DA:57,1
DA:58,0
DA:59,0
DA:63,0
DA:70,1
DA:71,0
DA:72,0
DA:76,0
LF:26
LH:15
BRDA:7,0,0,0
BRDA:7,1,0,1
BRDA:7,1,1,1
BRDA:15,2,0,0
BRDA:35,3,0,1
BRDA:35,3,1,0
BRDA:35,3,2,0
BRDA:35,3,3,0
BRF:8
BRH:3
end_of_record
