TN:
SF:src\app.ts
FN:19,(anonymous_1)
FNF:1
FNH:0
FNDA:0,(anonymous_1)
DA:1,1
DA:2,1
DA:3,1
DA:4,1
DA:6,1
DA:8,1
DA:9,1
DA:11,1
DA:14,1
DA:16,1
DA:18,1
DA:19,0
DA:20,0
DA:24,1
LF:14
LH:12
BRDA:9,0,0,1
BRDA:9,0,1,0
BRDA:18,1,0,0
BRF:3
BRH:1
end_of_record
TN:
SF:src\swagger.ts
FN:25,(anonymous_1)
FNF:1
FNH:1
FNDA:1,(anonymous_1)
DA:1,1
DA:2,1
DA:5,1
DA:23,1
DA:25,1
DA:26,1
DA:27,1
DA:30,1
LF:8
LH:8
BRF:0
BRH:0
end_of_record
TN:
SF:src\controllers\chartController.ts
FN:5,(anonymous_0)
FNF:1
FNH:1
FNDA:2,(anonymous_0)
DA:2,1
DA:3,1
DA:5,1
DA:6,2
DA:7,2
DA:9,2
DA:10,1
DA:15,1
DA:17,1
DA:23,1
DA:25,0
DA:26,0
LF:12
LH:10
BRDA:9,0,0,1
BRDA:9,1,0,2
BRDA:9,1,1,1
BRDA:9,1,2,1
BRF:4
BRH:4
end_of_record
TN:
SF:src\routes\chartRoutes.ts
FNF:0
FNH:0
DA:1,1
DA:2,1
DA:4,1
DA:36,1
DA:38,1
LF:5
LH:5
BRF:0
BRH:0
end_of_record
TN:
SF:src\services\chartService.ts
FN:5,(anonymous_0)
FN:48,(anonymous_1)
FN:54,(anonymous_2)
FN:56,(anonymous_3)
FN:60,(anonymous_4)
FN:67,(anonymous_5)
FN:69,(anonymous_6)
FN:73,(anonymous_7)
FNF:8
FNH:2
FNDA:1,(anonymous_0)
FNDA:2,(anonymous_1)
FNDA:0,(anonymous_2)
FNDA:0,(anonymous_3)
FNDA:0,(anonymous_4)
FNDA:0,(anonymous_5)
FNDA:0,(anonymous_6)
FNDA:0,(anonymous_7)
DA:1,1
DA:3,1
DA:5,1
DA:7,1
DA:8,0
DA:11,1
DA:12,1
DA:14,1
DA:15,0
DA:18,1
DA:33,1
DA:35,1
DA:38,0
DA:41,0
DA:44,0
DA:48,1
DA:49,2
DA:50,2
DA:54,1
DA:55,0
DA:56,0
DA:60,0
DA:67,1
DA:68,0
DA:69,0
DA:73,0
LF:26
LH:15
BRDA:7,0,0,0
BRDA:7,1,0,1
BRDA:7,1,1,1
BRDA:14,2,0,0
BRDA:33,3,0,1
BRDA:33,3,1,0
BRDA:33,3,2,0
BRDA:33,3,3,0
BRF:8
BRH:3
end_of_record
TN:
SF:src\services\emailService.ts
FN:13,(anonymous_1)
FNF:1
FNH:1
FNDA:1,(anonymous_1)
DA:1,1
DA:3,1
DA:13,1
DA:14,1
DA:21,1
DA:22,1
DA:23,1
DA:25,0
LF:8
LH:7
BRF:0
BRH:0
end_of_record
